{"C:\\Users\\97798\\Desktop\\Agromart\\Backend\\Models\\User.js": {"path":"C:\\Users\\97798\\Desktop\\Agromart\\Backend\\Models\\User.js","statementMap":{"0":{"start":{"line":1,"column":17},"end":{"line":1,"column":36}},"1":{"start":{"line":2,"column":19},"end":{"line":2,"column":27}},"2":{"start":{"line":5,"column":19},"end":{"line":30,"column":1}},"3":{"start":{"line":32,"column":0},"end":{"line":32,"column":52}}},"fnMap":{},"branchMap":{},"s":{"0":1,"1":1,"2":1,"3":1},"f":{},"b":{},"_coverageSchema":"1a1c01bbd47fc00a2c39e90264f33305004495a9","hash":"0d74a605e268935bacd1cf9e6cbab6cef656f019"}
,"C:\\Users\\97798\\Desktop\\Agromart\\Backend\\Routes\\Auth.js": {"path":"C:\\Users\\97798\\Desktop\\Agromart\\Backend\\Routes\\Auth.js","statementMap":{"0":{"start":{"line":1,"column":16},"end":{"line":1,"column":34}},"1":{"start":{"line":2,"column":12},"end":{"line":2,"column":21}},"2":{"start":{"line":3,"column":12},"end":{"line":3,"column":35}},"3":{"start":{"line":4,"column":15},"end":{"line":4,"column":32}},"4":{"start":{"line":6,"column":0},"end":{"line":6,"column":23}},"5":{"start":{"line":7,"column":15},"end":{"line":7,"column":31}},"6":{"start":{"line":8,"column":13},"end":{"line":8,"column":38}},"7":{"start":{"line":9,"column":0},"end":{"line":9,"column":27}},"8":{"start":{"line":10,"column":0},"end":{"line":10,"column":27}},"9":{"start":{"line":13,"column":0},"end":{"line":27,"column":3}},"10":{"start":{"line":14,"column":22},"end":{"line":14,"column":30}},"11":{"start":{"line":16,"column":4},"end":{"line":26,"column":5}},"12":{"start":{"line":17,"column":21},"end":{"line":17,"column":50}},"13":{"start":{"line":18,"column":8},"end":{"line":22,"column":9}},"14":{"start":{"line":19,"column":12},"end":{"line":19,"column":44}},"15":{"start":{"line":21,"column":12},"end":{"line":21,"column":45}},"16":{"start":{"line":24,"column":8},"end":{"line":24,"column":54}},"17":{"start":{"line":25,"column":8},"end":{"line":25,"column":66}},"18":{"start":{"line":30,"column":0},"end":{"line":69,"column":3}},"19":{"start":{"line":31,"column":4},"end":{"line":68,"column":5}},"20":{"start":{"line":32,"column":58},"end":{"line":32,"column":66}},"21":{"start":{"line":35,"column":21},"end":{"line":35,"column":45}},"22":{"start":{"line":38,"column":29},"end":{"line":38,"column":62}},"23":{"start":{"line":40,"column":21},"end":{"line":46,"column":10}},"24":{"start":{"line":49,"column":21},"end":{"line":49,"column":38}},"25":{"start":{"line":50,"column":8},"end":{"line":50,"column":35}},"26":{"start":{"line":51,"column":8},"end":{"line":51,"column":31}},"27":{"start":{"line":54,"column":8},"end":{"line":65,"column":11}},"28":{"start":{"line":55,"column":12},"end":{"line":64,"column":13}},"29":{"start":{"line":56,"column":16},"end":{"line":56,"column":78}},"30":{"start":{"line":60,"column":32},"end":{"line":60,"column":49}},"31":{"start":{"line":61,"column":16},"end":{"line":61,"column":55}},"32":{"start":{"line":63,"column":16},"end":{"line":63,"column":51}},"33":{"start":{"line":67,"column":8},"end":{"line":67,"column":69}},"34":{"start":{"line":74,"column":0},"end":{"line":111,"column":3}},"35":{"start":{"line":75,"column":4},"end":{"line":110,"column":5}},"36":{"start":{"line":76,"column":36},"end":{"line":76,"column":44}},"37":{"start":{"line":78,"column":8},"end":{"line":107,"column":9}},"38":{"start":{"line":80,"column":25},"end":{"line":80,"column":54}},"39":{"start":{"line":82,"column":12},"end":{"line":104,"column":13}},"40":{"start":{"line":84,"column":40},"end":{"line":84,"column":85}},"41":{"start":{"line":86,"column":16},"end":{"line":101,"column":17}},"42":{"start":{"line":88,"column":20},"end":{"line":98,"column":23}},"43":{"start":{"line":89,"column":24},"end":{"line":97,"column":25}},"44":{"start":{"line":90,"column":28},"end":{"line":90,"column":90}},"45":{"start":{"line":94,"column":44},"end":{"line":94,"column":61}},"46":{"start":{"line":96,"column":28},"end":{"line":96,"column":61}},"47":{"start":{"line":100,"column":20},"end":{"line":100,"column":72}},"48":{"start":{"line":103,"column":16},"end":{"line":103,"column":56}},"49":{"start":{"line":106,"column":12},"end":{"line":106,"column":106}},"50":{"start":{"line":109,"column":8},"end":{"line":109,"column":61}},"51":{"start":{"line":114,"column":0},"end":{"line":145,"column":2}},"52":{"start":{"line":115,"column":4},"end":{"line":144,"column":5}},"53":{"start":{"line":116,"column":69},"end":{"line":116,"column":77}},"54":{"start":{"line":117,"column":21},"end":{"line":117,"column":50}},"55":{"start":{"line":119,"column":8},"end":{"line":121,"column":9}},"56":{"start":{"line":120,"column":12},"end":{"line":120,"column":59}},"57":{"start":{"line":123,"column":32},"end":{"line":123,"column":80}},"58":{"start":{"line":124,"column":8},"end":{"line":124,"column":37}},"59":{"start":{"line":126,"column":8},"end":{"line":128,"column":9}},"60":{"start":{"line":127,"column":12},"end":{"line":127,"column":69}},"61":{"start":{"line":130,"column":8},"end":{"line":132,"column":9}},"62":{"start":{"line":131,"column":12},"end":{"line":131,"column":92}},"63":{"start":{"line":134,"column":32},"end":{"line":134,"column":85}},"64":{"start":{"line":137,"column":8},"end":{"line":137,"column":40}},"65":{"start":{"line":139,"column":8},"end":{"line":139,"column":25}},"66":{"start":{"line":140,"column":8},"end":{"line":140,"column":49}},"67":{"start":{"line":143,"column":8},"end":{"line":143,"column":71}},"68":{"start":{"line":148,"column":0},"end":{"line":148,"column":24}}},"fnMap":{"0":{"name":"(anonymous_0)","decl":{"start":{"line":13,"column":28},"end":{"line":13,"column":29}},"loc":{"start":{"line":13,"column":48},"end":{"line":27,"column":1}},"line":13},"1":{"name":"(anonymous_1)","decl":{"start":{"line":30,"column":25},"end":{"line":30,"column":26}},"loc":{"start":{"line":30,"column":46},"end":{"line":69,"column":1}},"line":30},"2":{"name":"(anonymous_2)","decl":{"start":{"line":54,"column":76},"end":{"line":54,"column":77}},"loc":{"start":{"line":54,"column":92},"end":{"line":65,"column":9}},"line":54},"3":{"name":"(anonymous_3)","decl":{"start":{"line":74,"column":22},"end":{"line":74,"column":23}},"loc":{"start":{"line":74,"column":43},"end":{"line":111,"column":1}},"line":74},"4":{"name":"(anonymous_4)","decl":{"start":{"line":88,"column":86},"end":{"line":88,"column":87}},"loc":{"start":{"line":88,"column":102},"end":{"line":98,"column":21}},"line":88},"5":{"name":"(anonymous_5)","decl":{"start":{"line":114,"column":35},"end":{"line":114,"column":36}},"loc":{"start":{"line":114,"column":56},"end":{"line":145,"column":1}},"line":114}},"branchMap":{"0":{"loc":{"start":{"line":18,"column":8},"end":{"line":22,"column":9}},"type":"if","locations":[{"start":{"line":18,"column":8},"end":{"line":22,"column":9}},{"start":{"line":20,"column":15},"end":{"line":22,"column":9}}],"line":18},"1":{"loc":{"start":{"line":55,"column":12},"end":{"line":64,"column":13}},"type":"if","locations":[{"start":{"line":55,"column":12},"end":{"line":64,"column":13}},{"start":{"line":58,"column":17},"end":{"line":64,"column":13}}],"line":55},"2":{"loc":{"start":{"line":78,"column":8},"end":{"line":107,"column":9}},"type":"if","locations":[{"start":{"line":78,"column":8},"end":{"line":107,"column":9}},{"start":{"line":105,"column":15},"end":{"line":107,"column":9}}],"line":78},"3":{"loc":{"start":{"line":78,"column":12},"end":{"line":78,"column":29}},"type":"binary-expr","locations":[{"start":{"line":78,"column":12},"end":{"line":78,"column":17}},{"start":{"line":78,"column":21},"end":{"line":78,"column":29}}],"line":78},"4":{"loc":{"start":{"line":82,"column":12},"end":{"line":104,"column":13}},"type":"if","locations":[{"start":{"line":82,"column":12},"end":{"line":104,"column":13}},{"start":{"line":102,"column":19},"end":{"line":104,"column":13}}],"line":82},"5":{"loc":{"start":{"line":86,"column":16},"end":{"line":101,"column":17}},"type":"if","locations":[{"start":{"line":86,"column":16},"end":{"line":101,"column":17}},{"start":{"line":99,"column":23},"end":{"line":101,"column":17}}],"line":86},"6":{"loc":{"start":{"line":89,"column":24},"end":{"line":97,"column":25}},"type":"if","locations":[{"start":{"line":89,"column":24},"end":{"line":97,"column":25}},{"start":{"line":92,"column":29},"end":{"line":97,"column":25}}],"line":89},"7":{"loc":{"start":{"line":119,"column":8},"end":{"line":121,"column":9}},"type":"if","locations":[{"start":{"line":119,"column":8},"end":{"line":121,"column":9}},{"start":{},"end":{}}],"line":119},"8":{"loc":{"start":{"line":126,"column":8},"end":{"line":128,"column":9}},"type":"if","locations":[{"start":{"line":126,"column":8},"end":{"line":128,"column":9}},{"start":{},"end":{}}],"line":126},"9":{"loc":{"start":{"line":130,"column":8},"end":{"line":132,"column":9}},"type":"if","locations":[{"start":{"line":130,"column":8},"end":{"line":132,"column":9}},{"start":{},"end":{}}],"line":130}},"s":{"0":1,"1":1,"2":1,"3":1,"4":1,"5":1,"6":1,"7":1,"8":1,"9":1,"10":0,"11":0,"12":0,"13":0,"14":0,"15":0,"16":0,"17":0,"18":1,"19":1,"20":1,"21":1,"22":1,"23":1,"24":1,"25":0,"26":0,"27":0,"28":0,"29":0,"30":0,"31":0,"32":0,"33":0,"34":1,"35":0,"36":0,"37":0,"38":0,"39":0,"40":0,"41":0,"42":0,"43":0,"44":0,"45":0,"46":0,"47":0,"48":0,"49":0,"50":0,"51":1,"52":0,"53":0,"54":0,"55":0,"56":0,"57":0,"58":0,"59":0,"60":0,"61":0,"62":0,"63":0,"64":0,"65":0,"66":0,"67":0,"68":1},"f":{"0":0,"1":1,"2":0,"3":0,"4":0,"5":0},"b":{"0":[0,0],"1":[0,0],"2":[0,0],"3":[0,0],"4":[0,0],"5":[0,0],"6":[0,0],"7":[0,0],"8":[0,0],"9":[0,0]},"_coverageSchema":"1a1c01bbd47fc00a2c39e90264f33305004495a9","hash":"3886a7360c97aada8863037605c98bd15b818484"}
}
